{"C:\\Users\\user\\Desktop\\JavaScript Basic\\runic\\src\\assets\\images\\rune.png": {"path":"C:\\Users\\user\\Desktop\\JavaScript Basic\\runic\\src\\assets\\images\\rune.png","statementMap":{"0":{"start":{"line":1,"column":0},"end":{"line":1,"column":19}}},"fnMap":{},"branchMap":{},"s":{"0":1},"f":{},"b":{},"inputSourceMap":null,"_coverageSchema":"1a1c01bbd47fc00a2c39e90264f33305004495a9","hash":"b5ecc3bc6ba90333bc1a6e879c2ebea95f43a3cf"}
,"C:\\Users\\user\\Desktop\\JavaScript Basic\\runic\\src\\screens\\preview\\preview.styles.ts": {"path":"C:\\Users\\user\\Desktop\\JavaScript Basic\\runic\\src\\screens\\preview\\preview.styles.ts","statementMap":{"0":{"start":{"line":9,"column":15},"end":{"line":51,"column":2}}},"fnMap":{},"branchMap":{},"s":{"0":1},"f":{},"b":{},"_coverageSchema":"1a1c01bbd47fc00a2c39e90264f33305004495a9","hash":"9ebeae420faf9ee8ea44d77d303e21fd5c7f6868"}
,"C:\\Users\\user\\Desktop\\JavaScript Basic\\runic\\src\\screens\\preview\\preview.tsx": {"path":"C:\\Users\\user\\Desktop\\JavaScript Basic\\runic\\src\\screens\\preview\\preview.tsx","statementMap":{"0":{"start":{"line":7,"column":21},"end":{"line":7,"column":67}},"1":{"start":{"line":9,"column":28},"end":{"line":11,"column":3}},"2":{"start":{"line":10,"column":4},"end":{"line":10,"column":41}},"3":{"start":{"line":13,"column":20},"end":{"line":15,"column":3}},"4":{"start":{"line":14,"column":4},"end":{"line":14,"column":33}},"5":{"start":{"line":17,"column":2},"end":{"line":34,"column":4}}},"fnMap":{"0":{"name":"Preview","decl":{"start":{"line":6,"column":9},"end":{"line":6,"column":16}},"loc":{"start":{"line":6,"column":19},"end":{"line":35,"column":1}},"line":6},"1":{"name":"(anonymous_1)","decl":{"start":{"line":9,"column":28},"end":{"line":9,"column":29}},"loc":{"start":{"line":9,"column":34},"end":{"line":11,"column":3}},"line":9},"2":{"name":"(anonymous_2)","decl":{"start":{"line":13,"column":20},"end":{"line":13,"column":21}},"loc":{"start":{"line":13,"column":26},"end":{"line":15,"column":3}},"line":13}},"branchMap":{},"s":{"0":4,"1":4,"2":1,"3":4,"4":1,"5":4},"f":{"0":4,"1":1,"2":1},"b":{},"_coverageSchema":"1a1c01bbd47fc00a2c39e90264f33305004495a9","hash":"9faf8c0fe95b0608d8f1bc7d75a4431470fb3aa9"}
,"C:\\Users\\user\\Desktop\\JavaScript Basic\\runic\\src\\utils\\colors.ts": {"path":"C:\\Users\\user\\Desktop\\JavaScript Basic\\runic\\src\\utils\\colors.ts","statementMap":{"0":{"start":{"line":1,"column":32},"end":{"line":1,"column":41}},"1":{"start":{"line":2,"column":32},"end":{"line":2,"column":41}},"2":{"start":{"line":3,"column":39},"end":{"line":3,"column":48}},"3":{"start":{"line":4,"column":27},"end":{"line":4,"column":36}},"4":{"start":{"line":5,"column":26},"end":{"line":5,"column":35}},"5":{"start":{"line":6,"column":27},"end":{"line":6,"column":36}},"6":{"start":{"line":7,"column":33},"end":{"line":7,"column":42}},"7":{"start":{"line":8,"column":36},"end":{"line":8,"column":45}},"8":{"start":{"line":9,"column":32},"end":{"line":9,"column":41}},"9":{"start":{"line":10,"column":32},"end":{"line":10,"column":41}},"10":{"start":{"line":11,"column":29},"end":{"line":11,"column":38}},"11":{"start":{"line":12,"column":26},"end":{"line":12,"column":35}},"12":{"start":{"line":13,"column":33},"end":{"line":13,"column":42}},"13":{"start":{"line":14,"column":35},"end":{"line":14,"column":44}}},"fnMap":{},"branchMap":{},"s":{"0":1,"1":1,"2":1,"3":1,"4":1,"5":1,"6":1,"7":1,"8":1,"9":1,"10":1,"11":1,"12":1,"13":1},"f":{},"b":{},"_coverageSchema":"1a1c01bbd47fc00a2c39e90264f33305004495a9","hash":"0f6ac807bb772b1fac3a2c0ad6a2792b9a115e17"}
}
