{"C:\\Users\\user\\Desktop\\JavaScript Basic\\runic\\src\\assets\\images\\rune.png": {"path":"C:\\Users\\user\\Desktop\\JavaScript Basic\\runic\\src\\assets\\images\\rune.png","statementMap":{"0":{"start":{"line":1,"column":0},"end":{"line":1,"column":19}}},"fnMap":{},"branchMap":{},"s":{"0":2},"f":{},"b":{},"inputSourceMap":null,"_coverageSchema":"1a1c01bbd47fc00a2c39e90264f33305004495a9","hash":"b5ecc3bc6ba90333bc1a6e879c2ebea95f43a3cf"}
,"C:\\Users\\user\\Desktop\\JavaScript Basic\\runic\\src\\models\\storage.ts": {"path":"C:\\Users\\user\\Desktop\\JavaScript Basic\\runic\\src\\models\\storage.ts","statementMap":{"0":{"start":{"line":14,"column":12},"end":{"line":14,"column":41}},"1":{"start":{"line":15,"column":11},"end":{"line":15,"column":28}},"2":{"start":{"line":16,"column":26},"end":{"line":20,"column":1}},"3":{"start":{"line":21,"column":24},"end":{"line":26,"column":1}},"4":{"start":{"line":28,"column":13},"end":{"line":28,"column":22}}},"fnMap":{},"branchMap":{},"s":{"0":1,"1":1,"2":1,"3":1,"4":1},"f":{},"b":{},"_coverageSchema":"1a1c01bbd47fc00a2c39e90264f33305004495a9","hash":"1decf1fe4c6d80d19ee4ec7ab172737a5610f270"}
,"C:\\Users\\user\\Desktop\\JavaScript Basic\\runic\\src\\models\\activity\\Activity.ts": {"path":"C:\\Users\\user\\Desktop\\JavaScript Basic\\runic\\src\\models\\activity\\Activity.ts","statementMap":{"0":{"start":{"line":14,"column":6},"end":{"line":14,"column":12}},"1":{"start":{"line":15,"column":4},"end":{"line":15,"column":50}},"2":{"start":{"line":16,"column":4},"end":{"line":16,"column":21}},"3":{"start":{"line":17,"column":4},"end":{"line":17,"column":35}},"4":{"start":{"line":18,"column":4},"end":{"line":18,"column":29}},"5":{"start":{"line":19,"column":4},"end":{"line":19,"column":29}},"6":{"start":{"line":20,"column":4},"end":{"line":20,"column":29}},"7":{"start":{"line":21,"column":4},"end":{"line":21,"column":25}}},"fnMap":{"0":{"name":"(anonymous_0)","decl":{"start":{"line":12,"column":2},"end":{"line":12,"column":3}},"loc":{"start":{"line":12,"column":39},"end":{"line":22,"column":3}},"line":12}},"branchMap":{"0":{"loc":{"start":{"line":15,"column":14},"end":{"line":15,"column":49}},"type":"cond-expr","locations":[{"start":{"line":15,"column":42},"end":{"line":15,"column":44}},{"start":{"line":15,"column":47},"end":{"line":15,"column":49}}],"line":15}},"s":{"0":16,"1":16,"2":16,"3":16,"4":16,"5":16,"6":16,"7":16},"f":{"0":16},"b":{"0":[10,6]},"_coverageSchema":"1a1c01bbd47fc00a2c39e90264f33305004495a9","hash":"19a4d9bda32af74fb9745a3409675c50db526310"}
,"C:\\Users\\user\\Desktop\\JavaScript Basic\\runic\\src\\models\\activity\\ActivityModel.ts": {"path":"C:\\Users\\user\\Desktop\\JavaScript Basic\\runic\\src\\models\\activity\\ActivityModel.ts","statementMap":{},"fnMap":{},"branchMap":{},"s":{},"f":{},"b":{},"_coverageSchema":"1a1c01bbd47fc00a2c39e90264f33305004495a9","hash":"eca44a528c044a5989aace767dbc6b1d4d6c77f5"}
,"C:\\Users\\user\\Desktop\\JavaScript Basic\\runic\\src\\models\\activity\\FireBaseActivityModel.ts": {"path":"C:\\Users\\user\\Desktop\\JavaScript Basic\\runic\\src\\models\\activity\\FireBaseActivityModel.ts","statementMap":{"0":{"start":{"line":23,"column":4},"end":{"line":23,"column":12}},"1":{"start":{"line":24,"column":4},"end":{"line":24,"column":17}},"2":{"start":{"line":25,"column":4},"end":{"line":25,"column":49}},"3":{"start":{"line":26,"column":4},"end":{"line":26,"column":41}},"4":{"start":{"line":30,"column":4},"end":{"line":44,"column":5}},"5":{"start":{"line":31,"column":18},"end":{"line":36,"column":40}},"6":{"start":{"line":37,"column":28},"end":{"line":37,"column":46}},"7":{"start":{"line":38,"column":37},"end":{"line":38,"column":39}},"8":{"start":{"line":39,"column":6},"end":{"line":39,"column":76}},"9":{"start":{"line":39,"column":42},"end":{"line":39,"column":74}},"10":{"start":{"line":40,"column":6},"end":{"line":40,"column":24}},"11":{"start":{"line":42,"column":6},"end":{"line":42,"column":49}},"12":{"start":{"line":43,"column":6},"end":{"line":43,"column":18}},"13":{"start":{"line":48,"column":4},"end":{"line":61,"column":5}},"14":{"start":{"line":49,"column":18},"end":{"line":54,"column":40}},"15":{"start":{"line":55,"column":28},"end":{"line":55,"column":55}},"16":{"start":{"line":56,"column":6},"end":{"line":56,"column":66}},"17":{"start":{"line":57,"column":6},"end":{"line":57,"column":30}},"18":{"start":{"line":59,"column":6},"end":{"line":59,"column":50}},"19":{"start":{"line":60,"column":6},"end":{"line":60,"column":18}},"20":{"start":{"line":65,"column":4},"end":{"line":80,"column":5}},"21":{"start":{"line":66,"column":6},"end":{"line":74,"column":8}},"22":{"start":{"line":75,"column":6},"end":{"line":75,"column":52}},"23":{"start":{"line":76,"column":6},"end":{"line":76,"column":18}},"24":{"start":{"line":78,"column":6},"end":{"line":78,"column":52}},"25":{"start":{"line":79,"column":6},"end":{"line":79,"column":19}},"26":{"start":{"line":84,"column":4},"end":{"line":106,"column":5}},"27":{"start":{"line":85,"column":25},"end":{"line":85,"column":59}},"28":{"start":{"line":86,"column":42},"end":{"line":86,"column":44}},"29":{"start":{"line":87,"column":6},"end":{"line":99,"column":8}},"30":{"start":{"line":88,"column":8},"end":{"line":98,"column":9}},"31":{"start":{"line":100,"column":6},"end":{"line":100,"column":36}},"32":{"start":{"line":101,"column":6},"end":{"line":101,"column":44}},"33":{"start":{"line":102,"column":6},"end":{"line":102,"column":18}},"34":{"start":{"line":104,"column":6},"end":{"line":104,"column":58}},"35":{"start":{"line":105,"column":6},"end":{"line":105,"column":19}}},"fnMap":{"0":{"name":"(anonymous_0)","decl":{"start":{"line":18,"column":2},"end":{"line":18,"column":3}},"loc":{"start":{"line":22,"column":4},"end":{"line":27,"column":3}},"line":22},"1":{"name":"(anonymous_1)","decl":{"start":{"line":29,"column":2},"end":{"line":29,"column":3}},"loc":{"start":{"line":29,"column":60},"end":{"line":45,"column":3}},"line":29},"2":{"name":"(anonymous_2)","decl":{"start":{"line":39,"column":28},"end":{"line":39,"column":29}},"loc":{"start":{"line":39,"column":42},"end":{"line":39,"column":74}},"line":39},"3":{"name":"(anonymous_3)","decl":{"start":{"line":47,"column":2},"end":{"line":47,"column":3}},"loc":{"start":{"line":47,"column":76},"end":{"line":62,"column":3}},"line":47},"4":{"name":"(anonymous_4)","decl":{"start":{"line":64,"column":2},"end":{"line":64,"column":3}},"loc":{"start":{"line":64,"column":62},"end":{"line":81,"column":3}},"line":64},"5":{"name":"(anonymous_5)","decl":{"start":{"line":83,"column":2},"end":{"line":83,"column":3}},"loc":{"start":{"line":83,"column":53},"end":{"line":107,"column":3}},"line":83},"6":{"name":"(anonymous_6)","decl":{"start":{"line":87,"column":25},"end":{"line":87,"column":26}},"loc":{"start":{"line":88,"column":8},"end":{"line":98,"column":9}},"line":88}},"branchMap":{"0":{"loc":{"start":{"line":85,"column":25},"end":{"line":85,"column":59}},"type":"binary-expr","locations":[{"start":{"line":85,"column":26},"end":{"line":85,"column":52}},{"start":{"line":85,"column":57},"end":{"line":85,"column":59}}],"line":85}},"s":{"0":2,"1":2,"2":2,"3":2,"4":6,"5":6,"6":6,"7":6,"8":6,"9":10,"10":6,"11":0,"12":0,"13":6,"14":6,"15":6,"16":6,"17":6,"18":0,"19":0,"20":1,"21":1,"22":1,"23":1,"24":0,"25":0,"26":3,"27":3,"28":3,"29":3,"30":5,"31":3,"32":3,"33":3,"34":0,"35":0},"f":{"0":2,"1":6,"2":10,"3":6,"4":1,"5":3,"6":5},"b":{"0":[3,0]},"_coverageSchema":"1a1c01bbd47fc00a2c39e90264f33305004495a9","hash":"c5a364a3b4dbc81fdbd6f6aec98d228930fb19fc"}
,"C:\\Users\\user\\Desktop\\JavaScript Basic\\runic\\src\\models\\settings\\FireBaseSettingsModel.ts": {"path":"C:\\Users\\user\\Desktop\\JavaScript Basic\\runic\\src\\models\\settings\\FireBaseSettingsModel.ts","statementMap":{"0":{"start":{"line":18,"column":4},"end":{"line":18,"column":12}},"1":{"start":{"line":19,"column":4},"end":{"line":19,"column":17}},"2":{"start":{"line":20,"column":4},"end":{"line":20,"column":49}},"3":{"start":{"line":21,"column":4},"end":{"line":21,"column":41}},"4":{"start":{"line":22,"column":4},"end":{"line":22,"column":37}},"5":{"start":{"line":26,"column":4},"end":{"line":40,"column":5}},"6":{"start":{"line":27,"column":18},"end":{"line":33,"column":40}},"7":{"start":{"line":34,"column":28},"end":{"line":34,"column":45}},"8":{"start":{"line":35,"column":6},"end":{"line":35,"column":56}},"9":{"start":{"line":36,"column":6},"end":{"line":36,"column":76}},"10":{"start":{"line":38,"column":6},"end":{"line":38,"column":71}},"11":{"start":{"line":39,"column":6},"end":{"line":39,"column":18}},"12":{"start":{"line":44,"column":4},"end":{"line":58,"column":5}},"13":{"start":{"line":45,"column":18},"end":{"line":51,"column":40}},"14":{"start":{"line":52,"column":6},"end":{"line":52,"column":34}},"15":{"start":{"line":53,"column":6},"end":{"line":53,"column":55}},"16":{"start":{"line":54,"column":6},"end":{"line":54,"column":18}},"17":{"start":{"line":56,"column":6},"end":{"line":56,"column":62}},"18":{"start":{"line":57,"column":6},"end":{"line":57,"column":19}},"19":{"start":{"line":62,"column":4},"end":{"line":77,"column":5}},"20":{"start":{"line":63,"column":6},"end":{"line":71,"column":8}},"21":{"start":{"line":72,"column":6},"end":{"line":72,"column":55}},"22":{"start":{"line":73,"column":6},"end":{"line":73,"column":18}},"23":{"start":{"line":75,"column":6},"end":{"line":75,"column":70}},"24":{"start":{"line":76,"column":6},"end":{"line":76,"column":19}}},"fnMap":{"0":{"name":"(anonymous_0)","decl":{"start":{"line":12,"column":2},"end":{"line":12,"column":3}},"loc":{"start":{"line":17,"column":4},"end":{"line":23,"column":3}},"line":17},"1":{"name":"(anonymous_1)","decl":{"start":{"line":25,"column":2},"end":{"line":25,"column":3}},"loc":{"start":{"line":25,"column":55},"end":{"line":41,"column":3}},"line":25},"2":{"name":"(anonymous_2)","decl":{"start":{"line":43,"column":2},"end":{"line":43,"column":3}},"loc":{"start":{"line":43,"column":70},"end":{"line":59,"column":3}},"line":43},"3":{"name":"(anonymous_3)","decl":{"start":{"line":61,"column":2},"end":{"line":61,"column":3}},"loc":{"start":{"line":61,"column":50},"end":{"line":78,"column":3}},"line":61}},"branchMap":{"0":{"loc":{"start":{"line":36,"column":13},"end":{"line":36,"column":75}},"type":"cond-expr","locations":[{"start":{"line":36,"column":38},"end":{"line":36,"column":58}},{"start":{"line":36,"column":61},"end":{"line":36,"column":75}}],"line":36}},"s":{"0":2,"1":2,"2":2,"3":2,"4":2,"5":2,"6":2,"7":2,"8":2,"9":2,"10":0,"11":0,"12":1,"13":1,"14":1,"15":1,"16":1,"17":0,"18":0,"19":2,"20":2,"21":2,"22":2,"23":0,"24":0},"f":{"0":2,"1":2,"2":1,"3":2},"b":{"0":[1,1]},"_coverageSchema":"1a1c01bbd47fc00a2c39e90264f33305004495a9","hash":"c81817d75c827658a6a3ca6c206f2341fbab8ff2"}
,"C:\\Users\\user\\Desktop\\JavaScript Basic\\runic\\src\\models\\settings\\Settings.ts": {"path":"C:\\Users\\user\\Desktop\\JavaScript Basic\\runic\\src\\models\\settings\\Settings.ts","statementMap":{"0":{"start":{"line":13,"column":53},"end":{"line":13,"column":59}},"1":{"start":{"line":14,"column":4},"end":{"line":14,"column":29}},"2":{"start":{"line":15,"column":4},"end":{"line":15,"column":37}},"3":{"start":{"line":16,"column":4},"end":{"line":16,"column":37}}},"fnMap":{"0":{"name":"(anonymous_0)","decl":{"start":{"line":6,"column":2},"end":{"line":6,"column":3}},"loc":{"start":{"line":12,"column":4},"end":{"line":17,"column":3}},"line":12}},"branchMap":{"0":{"loc":{"start":{"line":7,"column":4},"end":{"line":11,"column":5}},"type":"default-arg","locations":[{"start":{"line":7,"column":13},"end":{"line":11,"column":5}}],"line":7}},"s":{"0":4,"1":4,"2":4,"3":4},"f":{"0":4},"b":{"0":[2]},"_coverageSchema":"1a1c01bbd47fc00a2c39e90264f33305004495a9","hash":"7ff1ca1fb24b8fabfb5d94f709329ab3795c7765"}
,"C:\\Users\\user\\Desktop\\JavaScript Basic\\runic\\src\\models\\settings\\SettingsModel.ts": {"path":"C:\\Users\\user\\Desktop\\JavaScript Basic\\runic\\src\\models\\settings\\SettingsModel.ts","statementMap":{},"fnMap":{},"branchMap":{},"s":{},"f":{},"b":{},"_coverageSchema":"1a1c01bbd47fc00a2c39e90264f33305004495a9","hash":"66b21b99dabed1772e6d422962f5ebdc5ef2322c"}
,"C:\\Users\\user\\Desktop\\JavaScript Basic\\runic\\src\\screens\\create-account\\create-account.styles.ts": {"path":"C:\\Users\\user\\Desktop\\JavaScript Basic\\runic\\src\\screens\\create-account\\create-account.styles.ts","statementMap":{"0":{"start":{"line":12,"column":15},"end":{"line":63,"column":2}}},"fnMap":{},"branchMap":{},"s":{"0":1},"f":{},"b":{},"_coverageSchema":"1a1c01bbd47fc00a2c39e90264f33305004495a9","hash":"dc105bd6cce35b8ab73515fd9188f4fa7f74b559"}
,"C:\\Users\\user\\Desktop\\JavaScript Basic\\runic\\src\\screens\\create-account\\create-account.tsx": {"path":"C:\\Users\\user\\Desktop\\JavaScript Basic\\runic\\src\\screens\\create-account\\create-account.tsx","statementMap":{"0":{"start":{"line":26,"column":19},"end":{"line":26,"column":32}},"1":{"start":{"line":27,"column":22},"end":{"line":27,"column":45}},"2":{"start":{"line":28,"column":28},"end":{"line":28,"column":51}},"3":{"start":{"line":30,"column":2},"end":{"line":32,"column":17}},"4":{"start":{"line":31,"column":4},"end":{"line":31,"column":53}},"5":{"start":{"line":38,"column":6},"end":{"line":38,"column":57}},"6":{"start":{"line":38,"column":36},"end":{"line":38,"column":56}},"7":{"start":{"line":40,"column":25},"end":{"line":44,"column":3}},"8":{"start":{"line":41,"column":4},"end":{"line":43,"column":5}},"9":{"start":{"line":42,"column":6},"end":{"line":42,"column":18}},"10":{"start":{"line":46,"column":23},"end":{"line":48,"column":3}},"11":{"start":{"line":47,"column":4},"end":{"line":47,"column":23}},"12":{"start":{"line":50,"column":35},"end":{"line":53,"column":3}},"13":{"start":{"line":51,"column":10},"end":{"line":51,"column":37}},"14":{"start":{"line":55,"column":24},"end":{"line":57,"column":3}},"15":{"start":{"line":56,"column":4},"end":{"line":56,"column":55}},"16":{"start":{"line":59,"column":21},"end":{"line":61,"column":3}},"17":{"start":{"line":60,"column":4},"end":{"line":60,"column":51}},"18":{"start":{"line":63,"column":2},"end":{"line":127,"column":4}},"19":{"start":{"line":80,"column":35},"end":{"line":80,"column":70}},"20":{"start":{"line":81,"column":36},"end":{"line":81,"column":64}},"21":{"start":{"line":91,"column":35},"end":{"line":91,"column":76}},"22":{"start":{"line":92,"column":36},"end":{"line":92,"column":67}},"23":{"start":{"line":102,"column":36},"end":{"line":102,"column":73}}},"fnMap":{"0":{"name":"CreateAccount","decl":{"start":{"line":25,"column":9},"end":{"line":25,"column":22}},"loc":{"start":{"line":25,"column":25},"end":{"line":128,"column":1}},"line":25},"1":{"name":"(anonymous_1)","decl":{"start":{"line":30,"column":12},"end":{"line":30,"column":13}},"loc":{"start":{"line":30,"column":18},"end":{"line":32,"column":3}},"line":30},"2":{"name":"(anonymous_2)","decl":{"start":{"line":38,"column":18},"end":{"line":38,"column":19}},"loc":{"start":{"line":38,"column":36},"end":{"line":38,"column":56}},"line":38},"3":{"name":"(anonymous_3)","decl":{"start":{"line":40,"column":25},"end":{"line":40,"column":26}},"loc":{"start":{"line":40,"column":52},"end":{"line":44,"column":3}},"line":40},"4":{"name":"(anonymous_4)","decl":{"start":{"line":46,"column":23},"end":{"line":46,"column":24}},"loc":{"start":{"line":46,"column":29},"end":{"line":48,"column":3}},"line":46},"5":{"name":"(anonymous_5)","decl":{"start":{"line":51,"column":4},"end":{"line":51,"column":5}},"loc":{"start":{"line":51,"column":10},"end":{"line":51,"column":37}},"line":51},"6":{"name":"(anonymous_6)","decl":{"start":{"line":55,"column":24},"end":{"line":55,"column":25}},"loc":{"start":{"line":55,"column":58},"end":{"line":57,"column":3}},"line":55},"7":{"name":"(anonymous_7)","decl":{"start":{"line":59,"column":21},"end":{"line":59,"column":22}},"loc":{"start":{"line":59,"column":27},"end":{"line":61,"column":3}},"line":59},"8":{"name":"(anonymous_8)","decl":{"start":{"line":80,"column":29},"end":{"line":80,"column":30}},"loc":{"start":{"line":80,"column":35},"end":{"line":80,"column":70}},"line":80},"9":{"name":"(anonymous_9)","decl":{"start":{"line":81,"column":26},"end":{"line":81,"column":27}},"loc":{"start":{"line":81,"column":36},"end":{"line":81,"column":64}},"line":81},"10":{"name":"(anonymous_10)","decl":{"start":{"line":91,"column":29},"end":{"line":91,"column":30}},"loc":{"start":{"line":91,"column":35},"end":{"line":91,"column":76}},"line":91},"11":{"name":"(anonymous_11)","decl":{"start":{"line":92,"column":26},"end":{"line":92,"column":27}},"loc":{"start":{"line":92,"column":36},"end":{"line":92,"column":67}},"line":92},"12":{"name":"(anonymous_12)","decl":{"start":{"line":102,"column":26},"end":{"line":102,"column":27}},"loc":{"start":{"line":102,"column":36},"end":{"line":102,"column":73}},"line":102}},"branchMap":{"0":{"loc":{"start":{"line":41,"column":4},"end":{"line":43,"column":5}},"type":"if","locations":[{"start":{"line":41,"column":4},"end":{"line":43,"column":5}},{"start":{},"end":{}}],"line":41},"1":{"loc":{"start":{"line":66,"column":18},"end":{"line":66,"column":63}},"type":"cond-expr","locations":[{"start":{"line":66,"column":42},"end":{"line":66,"column":51}},{"start":{"line":66,"column":54},"end":{"line":66,"column":63}}],"line":66},"2":{"loc":{"start":{"line":108,"column":11},"end":{"line":110,"column":11}},"type":"binary-expr","locations":[{"start":{"line":108,"column":11},"end":{"line":108,"column":35}},{"start":{"line":109,"column":12},"end":{"line":109,"column":65}}],"line":108},"3":{"loc":{"start":{"line":121,"column":11},"end":{"line":123,"column":11}},"type":"binary-expr","locations":[{"start":{"line":121,"column":11},"end":{"line":121,"column":18}},{"start":{"line":122,"column":12},"end":{"line":122,"column":76}}],"line":121}},"s":{"0":10,"1":10,"2":9,"3":9,"4":3,"5":9,"6":0,"7":9,"8":0,"9":0,"10":9,"11":1,"12":9,"13":9,"14":9,"15":1,"16":9,"17":1,"18":9,"19":0,"20":1,"21":0,"22":0,"23":0},"f":{"0":10,"1":3,"2":0,"3":0,"4":1,"5":9,"6":1,"7":1,"8":0,"9":1,"10":0,"11":0,"12":0},"b":{"0":[0,0],"1":[0,9],"2":[9,1],"3":[9,1]},"_coverageSchema":"1a1c01bbd47fc00a2c39e90264f33305004495a9","hash":"bda64701a234222be17ca1750ad7c824422cbb5f"}
,"C:\\Users\\user\\Desktop\\JavaScript Basic\\runic\\src\\screens\\preview\\preview.styles.ts": {"path":"C:\\Users\\user\\Desktop\\JavaScript Basic\\runic\\src\\screens\\preview\\preview.styles.ts","statementMap":{"0":{"start":{"line":9,"column":15},"end":{"line":51,"column":2}}},"fnMap":{},"branchMap":{},"s":{"0":1},"f":{},"b":{},"_coverageSchema":"1a1c01bbd47fc00a2c39e90264f33305004495a9","hash":"9ebeae420faf9ee8ea44d77d303e21fd5c7f6868"}
,"C:\\Users\\user\\Desktop\\JavaScript Basic\\runic\\src\\screens\\preview\\preview.tsx": {"path":"C:\\Users\\user\\Desktop\\JavaScript Basic\\runic\\src\\screens\\preview\\preview.tsx","statementMap":{"0":{"start":{"line":7,"column":21},"end":{"line":7,"column":67}},"1":{"start":{"line":9,"column":28},"end":{"line":11,"column":3}},"2":{"start":{"line":10,"column":4},"end":{"line":10,"column":41}},"3":{"start":{"line":13,"column":20},"end":{"line":15,"column":3}},"4":{"start":{"line":14,"column":4},"end":{"line":14,"column":33}},"5":{"start":{"line":17,"column":2},"end":{"line":34,"column":4}}},"fnMap":{"0":{"name":"Preview","decl":{"start":{"line":6,"column":9},"end":{"line":6,"column":16}},"loc":{"start":{"line":6,"column":19},"end":{"line":35,"column":1}},"line":6},"1":{"name":"(anonymous_1)","decl":{"start":{"line":9,"column":28},"end":{"line":9,"column":29}},"loc":{"start":{"line":9,"column":34},"end":{"line":11,"column":3}},"line":9},"2":{"name":"(anonymous_2)","decl":{"start":{"line":13,"column":20},"end":{"line":13,"column":21}},"loc":{"start":{"line":13,"column":26},"end":{"line":15,"column":3}},"line":13}},"branchMap":{},"s":{"0":4,"1":4,"2":1,"3":4,"4":1,"5":4},"f":{"0":4,"1":1,"2":1},"b":{},"_coverageSchema":"1a1c01bbd47fc00a2c39e90264f33305004495a9","hash":"9faf8c0fe95b0608d8f1bc7d75a4431470fb3aa9"}
,"C:\\Users\\user\\Desktop\\JavaScript Basic\\runic\\src\\services\\actions\\activities.ts": {"path":"C:\\Users\\user\\Desktop\\JavaScript Basic\\runic\\src\\services\\actions\\activities.ts","statementMap":{"0":{"start":{"line":6,"column":30},"end":{"line":6,"column":46}},"1":{"start":{"line":7,"column":38},"end":{"line":7,"column":62}},"2":{"start":{"line":8,"column":37},"end":{"line":8,"column":60}},"3":{"start":{"line":9,"column":38},"end":{"line":9,"column":62}},"4":{"start":{"line":11,"column":31},"end":{"line":11,"column":48}},"5":{"start":{"line":12,"column":39},"end":{"line":12,"column":64}},"6":{"start":{"line":13,"column":38},"end":{"line":13,"column":62}},"7":{"start":{"line":15,"column":31},"end":{"line":15,"column":48}},"8":{"start":{"line":16,"column":39},"end":{"line":16,"column":64}},"9":{"start":{"line":17,"column":38},"end":{"line":17,"column":62}},"10":{"start":{"line":20,"column":2},"end":{"line":34,"column":4}},"11":{"start":{"line":21,"column":4},"end":{"line":21,"column":39}},"12":{"start":{"line":22,"column":4},"end":{"line":33,"column":5}},"13":{"start":{"line":23,"column":44},"end":{"line":25,"column":7}},"14":{"start":{"line":26,"column":6},"end":{"line":30,"column":7}},"15":{"start":{"line":27,"column":8},"end":{"line":27,"column":72}},"16":{"start":{"line":29,"column":8},"end":{"line":29,"column":50}},"17":{"start":{"line":32,"column":6},"end":{"line":32,"column":48}},"18":{"start":{"line":38,"column":2},"end":{"line":52,"column":4}},"19":{"start":{"line":39,"column":4},"end":{"line":39,"column":40}},"20":{"start":{"line":40,"column":4},"end":{"line":51,"column":5}},"21":{"start":{"line":41,"column":17},"end":{"line":41,"column":66}},"22":{"start":{"line":42,"column":6},"end":{"line":48,"column":7}},"23":{"start":{"line":43,"column":8},"end":{"line":43,"column":25}},"24":{"start":{"line":44,"column":8},"end":{"line":44,"column":71}},"25":{"start":{"line":45,"column":8},"end":{"line":45,"column":44}},"26":{"start":{"line":47,"column":8},"end":{"line":47,"column":51}},"27":{"start":{"line":50,"column":6},"end":{"line":50,"column":49}},"28":{"start":{"line":56,"column":2},"end":{"line":68,"column":4}},"29":{"start":{"line":57,"column":4},"end":{"line":57,"column":40}},"30":{"start":{"line":58,"column":4},"end":{"line":67,"column":5}},"31":{"start":{"line":59,"column":22},"end":{"line":59,"column":65}},"32":{"start":{"line":60,"column":6},"end":{"line":64,"column":7}},"33":{"start":{"line":61,"column":8},"end":{"line":61,"column":65}},"34":{"start":{"line":63,"column":8},"end":{"line":63,"column":51}},"35":{"start":{"line":66,"column":6},"end":{"line":66,"column":49}}},"fnMap":{"0":{"name":"getActivities","decl":{"start":{"line":19,"column":16},"end":{"line":19,"column":29}},"loc":{"start":{"line":19,"column":47},"end":{"line":35,"column":1}},"line":19},"1":{"name":"(anonymous_1)","decl":{"start":{"line":20,"column":9},"end":{"line":20,"column":10}},"loc":{"start":{"line":20,"column":48},"end":{"line":34,"column":3}},"line":20},"2":{"name":"createActivity","decl":{"start":{"line":37,"column":16},"end":{"line":37,"column":30}},"loc":{"start":{"line":37,"column":68},"end":{"line":53,"column":1}},"line":37},"3":{"name":"(anonymous_3)","decl":{"start":{"line":38,"column":9},"end":{"line":38,"column":10}},"loc":{"start":{"line":38,"column":48},"end":{"line":52,"column":3}},"line":38},"4":{"name":"deleteActivity","decl":{"start":{"line":55,"column":16},"end":{"line":55,"column":30}},"loc":{"start":{"line":55,"column":60},"end":{"line":69,"column":1}},"line":55},"5":{"name":"(anonymous_5)","decl":{"start":{"line":56,"column":9},"end":{"line":56,"column":10}},"loc":{"start":{"line":56,"column":48},"end":{"line":68,"column":3}},"line":56}},"branchMap":{"0":{"loc":{"start":{"line":26,"column":6},"end":{"line":30,"column":7}},"type":"if","locations":[{"start":{"line":26,"column":6},"end":{"line":30,"column":7}},{"start":{"line":28,"column":13},"end":{"line":30,"column":7}}],"line":26},"1":{"loc":{"start":{"line":42,"column":6},"end":{"line":48,"column":7}},"type":"if","locations":[{"start":{"line":42,"column":6},"end":{"line":48,"column":7}},{"start":{"line":46,"column":13},"end":{"line":48,"column":7}}],"line":42},"2":{"loc":{"start":{"line":60,"column":6},"end":{"line":64,"column":7}},"type":"if","locations":[{"start":{"line":60,"column":6},"end":{"line":64,"column":7}},{"start":{"line":62,"column":13},"end":{"line":64,"column":7}}],"line":60}},"s":{"0":1,"1":1,"2":1,"3":1,"4":1,"5":1,"6":1,"7":1,"8":1,"9":1,"10":0,"11":0,"12":0,"13":0,"14":0,"15":0,"16":0,"17":0,"18":0,"19":0,"20":0,"21":0,"22":0,"23":0,"24":0,"25":0,"26":0,"27":0,"28":0,"29":0,"30":0,"31":0,"32":0,"33":0,"34":0,"35":0},"f":{"0":0,"1":0,"2":0,"3":0,"4":0,"5":0},"b":{"0":[0,0],"1":[0,0],"2":[0,0]},"_coverageSchema":"1a1c01bbd47fc00a2c39e90264f33305004495a9","hash":"d7a4f0fcaf533c9ba2ea3fcc3c622398b8dfd426"}
,"C:\\Users\\user\\Desktop\\JavaScript Basic\\runic\\src\\services\\actions\\create-account.ts": {"path":"C:\\Users\\user\\Desktop\\JavaScript Basic\\runic\\src\\services\\actions\\create-account.ts","statementMap":{"0":{"start":{"line":4,"column":42},"end":{"line":4,"column":70}},"1":{"start":{"line":5,"column":44},"end":{"line":5,"column":74}},"2":{"start":{"line":7,"column":2},"end":{"line":7,"column":38}},"3":{"start":{"line":8,"column":40},"end":{"line":8,"column":66}},"4":{"start":{"line":10,"column":38},"end":{"line":20,"column":13}},"5":{"start":{"line":17,"column":3},"end":{"line":20,"column":12}},"6":{"start":{"line":26,"column":45},"end":{"line":30,"column":13}},"7":{"start":{"line":27,"column":3},"end":{"line":30,"column":12}},"8":{"start":{"line":36,"column":29},"end":{"line":46,"column":1}},"9":{"start":{"line":37,"column":2},"end":{"line":45,"column":4}},"10":{"start":{"line":38,"column":4},"end":{"line":44,"column":5}},"11":{"start":{"line":40,"column":4},"end":{"line":40,"column":49}},"12":{"start":{"line":43,"column":4},"end":{"line":43,"column":67}}},"fnMap":{"0":{"name":"(anonymous_0)","decl":{"start":{"line":10,"column":38},"end":{"line":10,"column":39}},"loc":{"start":{"line":17,"column":3},"end":{"line":20,"column":12}},"line":17},"1":{"name":"(anonymous_1)","decl":{"start":{"line":26,"column":45},"end":{"line":26,"column":46}},"loc":{"start":{"line":27,"column":3},"end":{"line":30,"column":12}},"line":27},"2":{"name":"(anonymous_2)","decl":{"start":{"line":36,"column":29},"end":{"line":36,"column":30}},"loc":{"start":{"line":36,"column":78},"end":{"line":46,"column":1}},"line":36},"3":{"name":"(anonymous_3)","decl":{"start":{"line":37,"column":9},"end":{"line":37,"column":10}},"loc":{"start":{"line":37,"column":48},"end":{"line":45,"column":3}},"line":37},"4":{"name":"(anonymous_4)","decl":{"start":{"line":39,"column":8},"end":{"line":39,"column":9}},"loc":{"start":{"line":39,"column":14},"end":{"line":41,"column":3}},"line":39},"5":{"name":"(anonymous_5)","decl":{"start":{"line":42,"column":9},"end":{"line":42,"column":10}},"loc":{"start":{"line":42,"column":18},"end":{"line":44,"column":3}},"line":42}},"branchMap":{},"s":{"0":1,"1":1,"2":1,"3":1,"4":1,"5":1,"6":1,"7":0,"8":1,"9":1,"10":0,"11":0,"12":0},"f":{"0":1,"1":0,"2":1,"3":0,"4":0,"5":0},"b":{},"_coverageSchema":"1a1c01bbd47fc00a2c39e90264f33305004495a9","hash":"25cb31f808185f0950f4049ada8ee2882b0ada90"}
,"C:\\Users\\user\\Desktop\\JavaScript Basic\\runic\\src\\services\\actions\\index.ts": {"path":"C:\\Users\\user\\Desktop\\JavaScript Basic\\runic\\src\\services\\actions\\index.ts","statementMap":{},"fnMap":{},"branchMap":{},"s":{},"f":{},"b":{},"_coverageSchema":"1a1c01bbd47fc00a2c39e90264f33305004495a9","hash":"c36db50de61340636187a34eee97438759ab3131"}
,"C:\\Users\\user\\Desktop\\JavaScript Basic\\runic\\src\\services\\actions\\login.ts": {"path":"C:\\Users\\user\\Desktop\\JavaScript Basic\\runic\\src\\services\\actions\\login.ts","statementMap":{"0":{"start":{"line":1,"column":45},"end":{"line":1,"column":76}},"1":{"start":{"line":3,"column":2},"end":{"line":3,"column":35}},"2":{"start":{"line":5,"column":2},"end":{"line":5,"column":41}},"3":{"start":{"line":7,"column":42},"end":{"line":17,"column":13}},"4":{"start":{"line":14,"column":3},"end":{"line":17,"column":12}},"5":{"start":{"line":23,"column":49},"end":{"line":27,"column":13}},"6":{"start":{"line":24,"column":3},"end":{"line":27,"column":12}}},"fnMap":{"0":{"name":"(anonymous_0)","decl":{"start":{"line":7,"column":42},"end":{"line":7,"column":43}},"loc":{"start":{"line":14,"column":3},"end":{"line":17,"column":12}},"line":14},"1":{"name":"(anonymous_1)","decl":{"start":{"line":23,"column":49},"end":{"line":23,"column":50}},"loc":{"start":{"line":24,"column":3},"end":{"line":27,"column":12}},"line":24}},"branchMap":{},"s":{"0":1,"1":1,"2":1,"3":1,"4":0,"5":1,"6":0},"f":{"0":0,"1":0},"b":{},"_coverageSchema":"1a1c01bbd47fc00a2c39e90264f33305004495a9","hash":"31882affa82590c56ec512b147e70f0f417c0d3e"}
,"C:\\Users\\user\\Desktop\\JavaScript Basic\\runic\\src\\services\\actions\\map.ts": {"path":"C:\\Users\\user\\Desktop\\JavaScript Basic\\runic\\src\\services\\actions\\map.ts","statementMap":{"0":{"start":{"line":1,"column":30},"end":{"line":1,"column":46}},"1":{"start":{"line":2,"column":30},"end":{"line":2,"column":46}},"2":{"start":{"line":3,"column":31},"end":{"line":3,"column":48}},"3":{"start":{"line":4,"column":31},"end":{"line":4,"column":48}},"4":{"start":{"line":5,"column":30},"end":{"line":5,"column":46}}},"fnMap":{},"branchMap":{},"s":{"0":1,"1":1,"2":1,"3":1,"4":1},"f":{},"b":{},"_coverageSchema":"1a1c01bbd47fc00a2c39e90264f33305004495a9","hash":"b88664b33824140f40584d398e327d1d38e534ac"}
,"C:\\Users\\user\\Desktop\\JavaScript Basic\\runic\\src\\services\\actions\\profile.ts": {"path":"C:\\Users\\user\\Desktop\\JavaScript Basic\\runic\\src\\services\\actions\\profile.ts","statementMap":{"0":{"start":{"line":5,"column":28},"end":{"line":5,"column":42}},"1":{"start":{"line":6,"column":36},"end":{"line":6,"column":58}},"2":{"start":{"line":7,"column":35},"end":{"line":7,"column":56}},"3":{"start":{"line":8,"column":39},"end":{"line":8,"column":64}},"4":{"start":{"line":10,"column":31},"end":{"line":10,"column":48}},"5":{"start":{"line":11,"column":39},"end":{"line":11,"column":64}},"6":{"start":{"line":12,"column":38},"end":{"line":12,"column":62}},"7":{"start":{"line":14,"column":36},"end":{"line":24,"column":13}},"8":{"start":{"line":21,"column":3},"end":{"line":24,"column":12}},"9":{"start":{"line":29,"column":2},"end":{"line":41,"column":4}},"10":{"start":{"line":30,"column":4},"end":{"line":30,"column":37}},"11":{"start":{"line":31,"column":4},"end":{"line":40,"column":5}},"12":{"start":{"line":32,"column":40},"end":{"line":32,"column":74}},"13":{"start":{"line":33,"column":6},"end":{"line":37,"column":7}},"14":{"start":{"line":34,"column":8},"end":{"line":34,"column":68}},"15":{"start":{"line":36,"column":8},"end":{"line":36,"column":48}},"16":{"start":{"line":39,"column":6},"end":{"line":39,"column":46}},"17":{"start":{"line":45,"column":2},"end":{"line":57,"column":4}},"18":{"start":{"line":46,"column":4},"end":{"line":46,"column":40}},"19":{"start":{"line":47,"column":4},"end":{"line":56,"column":5}},"20":{"start":{"line":48,"column":22},"end":{"line":48,"column":69}},"21":{"start":{"line":49,"column":6},"end":{"line":53,"column":7}},"22":{"start":{"line":50,"column":8},"end":{"line":50,"column":71}},"23":{"start":{"line":52,"column":8},"end":{"line":52,"column":51}},"24":{"start":{"line":55,"column":6},"end":{"line":55,"column":49}}},"fnMap":{"0":{"name":"(anonymous_0)","decl":{"start":{"line":14,"column":36},"end":{"line":14,"column":37}},"loc":{"start":{"line":21,"column":3},"end":{"line":24,"column":12}},"line":21},"1":{"name":"getSettings","decl":{"start":{"line":28,"column":16},"end":{"line":28,"column":27}},"loc":{"start":{"line":28,"column":45},"end":{"line":42,"column":1}},"line":28},"2":{"name":"(anonymous_2)","decl":{"start":{"line":29,"column":9},"end":{"line":29,"column":10}},"loc":{"start":{"line":29,"column":48},"end":{"line":41,"column":3}},"line":29},"3":{"name":"updateSettings","decl":{"start":{"line":44,"column":16},"end":{"line":44,"column":30}},"loc":{"start":{"line":44,"column":68},"end":{"line":58,"column":1}},"line":44},"4":{"name":"(anonymous_4)","decl":{"start":{"line":45,"column":9},"end":{"line":45,"column":10}},"loc":{"start":{"line":45,"column":48},"end":{"line":57,"column":3}},"line":45}},"branchMap":{"0":{"loc":{"start":{"line":33,"column":6},"end":{"line":37,"column":7}},"type":"if","locations":[{"start":{"line":33,"column":6},"end":{"line":37,"column":7}},{"start":{"line":35,"column":13},"end":{"line":37,"column":7}}],"line":33},"1":{"loc":{"start":{"line":49,"column":6},"end":{"line":53,"column":7}},"type":"if","locations":[{"start":{"line":49,"column":6},"end":{"line":53,"column":7}},{"start":{"line":51,"column":13},"end":{"line":53,"column":7}}],"line":49}},"s":{"0":1,"1":1,"2":1,"3":1,"4":1,"5":1,"6":1,"7":1,"8":0,"9":0,"10":0,"11":0,"12":0,"13":0,"14":0,"15":0,"16":0,"17":0,"18":0,"19":0,"20":0,"21":0,"22":0,"23":0,"24":0},"f":{"0":0,"1":0,"2":0,"3":0,"4":0},"b":{"0":[0,0],"1":[0,0]},"_coverageSchema":"1a1c01bbd47fc00a2c39e90264f33305004495a9","hash":"c95407a8e5cf8977f412478bc3305f3d19e0ef9e"}
,"C:\\Users\\user\\Desktop\\JavaScript Basic\\runic\\src\\utils\\activityConverter.ts": {"path":"C:\\Users\\user\\Desktop\\JavaScript Basic\\runic\\src\\utils\\activityConverter.ts","statementMap":{"0":{"start":{"line":3,"column":26},"end":{"line":24,"column":1}},"1":{"start":{"line":4,"column":40},"end":{"line":11,"column":3}},"2":{"start":{"line":13,"column":17},"end":{"line":13,"column":39}},"3":{"start":{"line":14,"column":4},"end":{"line":22,"column":7}}},"fnMap":{"0":{"name":"(anonymous_0)","decl":{"start":{"line":4,"column":15},"end":{"line":4,"column":16}},"loc":{"start":{"line":4,"column":40},"end":{"line":11,"column":3}},"line":4},"1":{"name":"(anonymous_1)","decl":{"start":{"line":12,"column":17},"end":{"line":12,"column":18}},"loc":{"start":{"line":12,"column":50},"end":{"line":23,"column":3}},"line":12}},"branchMap":{},"s":{"0":2,"1":6,"2":10,"3":10},"f":{"0":6,"1":10},"b":{},"_coverageSchema":"1a1c01bbd47fc00a2c39e90264f33305004495a9","hash":"02ee7bc3791f89b01806fca79cfc6cf561b309b2"}
,"C:\\Users\\user\\Desktop\\JavaScript Basic\\runic\\src\\utils\\api.ts": {"path":"C:\\Users\\user\\Desktop\\JavaScript Basic\\runic\\src\\utils\\api.ts","statementMap":{"0":{"start":{"line":1,"column":27},"end":{"line":1,"column":33}},"1":{"start":{"line":2,"column":33},"end":{"line":2,"column":45}},"2":{"start":{"line":3,"column":31},"end":{"line":3,"column":41}},"3":{"start":{"line":4,"column":33},"end":{"line":4,"column":39}},"4":{"start":{"line":6,"column":31},"end":{"line":6,"column":42}},"5":{"start":{"line":8,"column":23},"end":{"line":15,"column":1}}},"fnMap":{},"branchMap":{},"s":{"0":3,"1":3,"2":3,"3":3,"4":3,"5":3},"f":{},"b":{},"_coverageSchema":"1a1c01bbd47fc00a2c39e90264f33305004495a9","hash":"98e6f51676904b0fa33d462b2ec58313bde3fe16"}
,"C:\\Users\\user\\Desktop\\JavaScript Basic\\runic\\src\\utils\\colors.ts": {"path":"C:\\Users\\user\\Desktop\\JavaScript Basic\\runic\\src\\utils\\colors.ts","statementMap":{"0":{"start":{"line":1,"column":32},"end":{"line":1,"column":41}},"1":{"start":{"line":2,"column":32},"end":{"line":2,"column":41}},"2":{"start":{"line":3,"column":39},"end":{"line":3,"column":48}},"3":{"start":{"line":4,"column":27},"end":{"line":4,"column":36}},"4":{"start":{"line":5,"column":26},"end":{"line":5,"column":35}},"5":{"start":{"line":6,"column":27},"end":{"line":6,"column":36}},"6":{"start":{"line":7,"column":33},"end":{"line":7,"column":42}},"7":{"start":{"line":8,"column":36},"end":{"line":8,"column":45}},"8":{"start":{"line":9,"column":32},"end":{"line":9,"column":41}},"9":{"start":{"line":10,"column":32},"end":{"line":10,"column":41}},"10":{"start":{"line":11,"column":29},"end":{"line":11,"column":38}},"11":{"start":{"line":12,"column":26},"end":{"line":12,"column":35}},"12":{"start":{"line":13,"column":33},"end":{"line":13,"column":42}},"13":{"start":{"line":14,"column":35},"end":{"line":14,"column":44}}},"fnMap":{},"branchMap":{},"s":{"0":2,"1":2,"2":2,"3":2,"4":2,"5":2,"6":2,"7":2,"8":2,"9":2,"10":2,"11":2,"12":2,"13":2},"f":{},"b":{},"_coverageSchema":"1a1c01bbd47fc00a2c39e90264f33305004495a9","hash":"0f6ac807bb772b1fac3a2c0ad6a2792b9a115e17"}
,"C:\\Users\\user\\Desktop\\JavaScript Basic\\runic\\src\\utils\\settingsConverter.ts": {"path":"C:\\Users\\user\\Desktop\\JavaScript Basic\\runic\\src\\utils\\settingsConverter.ts","statementMap":{"0":{"start":{"line":3,"column":26},"end":{"line":17,"column":1}},"1":{"start":{"line":4,"column":40},"end":{"line":8,"column":3}},"2":{"start":{"line":10,"column":17},"end":{"line":10,"column":39}},"3":{"start":{"line":11,"column":4},"end":{"line":15,"column":7}}},"fnMap":{"0":{"name":"(anonymous_0)","decl":{"start":{"line":4,"column":15},"end":{"line":4,"column":16}},"loc":{"start":{"line":4,"column":40},"end":{"line":8,"column":3}},"line":4},"1":{"name":"(anonymous_1)","decl":{"start":{"line":9,"column":17},"end":{"line":9,"column":18}},"loc":{"start":{"line":9,"column":50},"end":{"line":16,"column":3}},"line":9}},"branchMap":{},"s":{"0":2,"1":1,"2":1,"3":1},"f":{"0":1,"1":1},"b":{},"_coverageSchema":"1a1c01bbd47fc00a2c39e90264f33305004495a9","hash":"c898d024a764482f6f3a00762969abc23f9206b3"}
}
