TN:
SF:src\assets\images\rune.png
FNF:0
FNH:0
DA:1,4
LF:1
LH:1
BRF:0
BRH:0
end_of_record
TN:
SF:src\components\map-marker\map-marker.tsx
FN:18,MapMarker
FNF:1
FNH:0
FNDA:0,MapMarker
DA:4,1
DA:19,0
LF:2
LH:1
BRF:0
BRH:0
end_of_record
TN:
SF:src\components\tab\tab.tsx
FN:4,Tab
FNF:1
FNH:0
FNDA:0,Tab
DA:5,0
LF:1
LH:0
BRF:0
BRH:0
end_of_record
TN:
SF:src\models\storage.ts
FNF:0
FNH:0
DA:14,5
DA:15,5
DA:16,5
DA:21,5
DA:28,5
LF:5
LH:5
BRF:0
BRH:0
end_of_record
TN:
SF:src\models\activity\Activity.ts
FN:12,(anonymous_0)
FNF:1
FNH:1
FNDA:16,(anonymous_0)
DA:14,16
DA:15,16
DA:16,16
DA:17,16
DA:18,16
DA:19,16
DA:20,16
DA:21,16
LF:8
LH:8
BRDA:15,0,0,10
BRDA:15,0,1,6
BRF:2
BRH:2
end_of_record
TN:
SF:src\models\activity\ActivityModel.ts
FNF:0
FNH:0
LF:0
LH:0
BRF:0
BRH:0
end_of_record
TN:
SF:src\models\activity\FireBaseActivityModel.ts
FN:18,(anonymous_0)
FN:29,(anonymous_1)
FN:39,(anonymous_2)
FN:47,(anonymous_3)
FN:64,(anonymous_4)
FN:83,(anonymous_5)
FN:87,(anonymous_6)
FNF:7
FNH:7
FNDA:6,(anonymous_0)
FNDA:6,(anonymous_1)
FNDA:10,(anonymous_2)
FNDA:6,(anonymous_3)
FNDA:1,(anonymous_4)
FNDA:3,(anonymous_5)
FNDA:5,(anonymous_6)
DA:23,6
DA:24,6
DA:25,6
DA:26,6
DA:30,6
DA:31,6
DA:37,6
DA:38,6
DA:39,10
DA:40,6
DA:42,0
DA:43,0
DA:48,6
DA:49,6
DA:55,6
DA:56,6
DA:57,6
DA:59,0
DA:60,0
DA:65,1
DA:66,1
DA:75,1
DA:76,1
DA:78,0
DA:79,0
DA:84,3
DA:85,3
DA:86,3
DA:87,3
DA:88,5
DA:100,3
DA:101,3
DA:102,3
DA:104,0
DA:105,0
LF:35
LH:27
BRDA:85,0,0,3
BRDA:85,0,1,0
BRF:2
BRH:1
end_of_record
TN:
SF:src\models\settings\FireBaseSettingsModel.ts
FN:12,(anonymous_0)
FN:25,(anonymous_1)
FN:43,(anonymous_2)
FN:61,(anonymous_3)
FNF:4
FNH:4
FNDA:6,(anonymous_0)
FNDA:2,(anonymous_1)
FNDA:1,(anonymous_2)
FNDA:2,(anonymous_3)
DA:18,6
DA:19,6
DA:20,6
DA:21,6
DA:22,6
DA:26,2
DA:27,2
DA:34,2
DA:35,2
DA:36,2
DA:38,0
DA:39,0
DA:44,1
DA:45,1
DA:52,1
DA:53,1
DA:54,1
DA:56,0
DA:57,0
DA:62,2
DA:63,2
DA:72,2
DA:73,2
DA:75,0
DA:76,0
LF:25
LH:19
BRDA:36,0,0,1
BRDA:36,0,1,1
BRF:2
BRH:2
end_of_record
TN:
SF:src\models\settings\Settings.ts
FN:6,(anonymous_0)
FNF:1
FNH:1
FNDA:4,(anonymous_0)
DA:13,4
DA:14,4
DA:15,4
DA:16,4
LF:4
LH:4
BRDA:7,0,0,2
BRF:1
BRH:1
end_of_record
TN:
SF:src\models\settings\SettingsModel.ts
FNF:0
FNH:0
LF:0
LH:0
BRF:0
BRH:0
end_of_record
TN:
SF:src\screens\activity-list\activity-list.styles.ts
FNF:0
FNH:0
DA:13,1
LF:1
LH:1
BRF:0
BRH:0
end_of_record
TN:
SF:src\screens\activity-list\activity-list.tsx
FN:26,ActivityList
FN:36,(anonymous_1)
FN:39,(anonymous_2)
FN:44,(anonymous_3)
FN:49,(anonymous_4)
FN:51,(anonymous_5)
FN:62,(anonymous_6)
FN:66,(anonymous_7)
FN:72,(anonymous_8)
FN:76,(anonymous_9)
FN:84,(anonymous_10)
FN:87,(anonymous_11)
FN:90,(anonymous_12)
FN:93,(anonymous_13)
FN:96,(anonymous_14)
FN:104,(anonymous_15)
FN:113,(anonymous_16)
FN:167,(anonymous_17)
FN:175,(anonymous_18)
FN:177,(anonymous_19)
FNF:20
FNH:7
FNDA:4,ActivityList
FNDA:0,(anonymous_1)
FNDA:2,(anonymous_2)
FNDA:2,(anonymous_3)
FNDA:2,(anonymous_4)
FNDA:6,(anonymous_5)
FNDA:0,(anonymous_6)
FNDA:0,(anonymous_7)
FNDA:0,(anonymous_8)
FNDA:0,(anonymous_9)
FNDA:1,(anonymous_10)
FNDA:0,(anonymous_11)
FNDA:1,(anonymous_12)
FNDA:0,(anonymous_13)
FNDA:0,(anonymous_14)
FNDA:0,(anonymous_15)
FNDA:0,(anonymous_16)
FNDA:0,(anonymous_17)
FNDA:0,(anonymous_18)
FNDA:0,(anonymous_19)
DA:27,4
DA:28,4
DA:30,4
DA:31,4
DA:36,4
DA:38,4
DA:39,2
DA:43,4
DA:44,2
DA:48,4
DA:50,2
DA:52,6
DA:57,6
DA:62,0
DA:66,4
DA:67,0
DA:68,0
DA:72,4
DA:73,0
DA:76,0
DA:84,4
DA:85,1
DA:87,4
DA:88,0
DA:90,4
DA:91,1
DA:93,4
DA:94,0
DA:96,4
DA:97,0
DA:98,0
DA:102,0
DA:104,4
DA:105,0
DA:106,0
DA:110,0
DA:113,4
DA:114,0
DA:115,0
DA:119,0
DA:121,0
DA:167,0
DA:175,4
DA:177,4
DA:179,4
LF:45
LH:27
BRDA:58,0,0,6
BRDA:58,0,1,6
BRDA:58,0,2,0
BRDA:58,0,3,0
BRDA:67,1,0,0
BRDA:67,1,1,0
BRF:6
BRH:2
end_of_record
TN:
SF:src\screens\analytics\analytics.styles.ts
FNF:0
FNH:0
DA:4,1
LF:1
LH:1
BRF:0
BRH:0
end_of_record
TN:
SF:src\screens\analytics\analytics.tsx
FN:28,Analytics
FN:38,(anonymous_1)
FN:41,(anonymous_2)
FN:42,(anonymous_3)
FN:51,(anonymous_4)
FN:65,(anonymous_5)
FN:70,(anonymous_6)
FN:79,(anonymous_7)
FN:83,(anonymous_8)
FN:92,(anonymous_9)
FN:120,(anonymous_10)
FN:121,(anonymous_11)
FN:129,(anonymous_12)
FN:160,(anonymous_13)
FN:177,(anonymous_14)
FNF:15
FNH:11
FNDA:5,Analytics
FNDA:0,(anonymous_1)
FNDA:5,(anonymous_2)
FNDA:15,(anonymous_3)
FNDA:5,(anonymous_4)
FNDA:15,(anonymous_5)
FNDA:15,(anonymous_6)
FNDA:5,(anonymous_7)
FNDA:15,(anonymous_8)
FNDA:5,(anonymous_9)
FNDA:5,(anonymous_10)
FNDA:15,(anonymous_11)
FNDA:0,(anonymous_12)
FNDA:0,(anonymous_13)
FNDA:0,(anonymous_14)
DA:26,1
DA:38,5
DA:40,5
DA:42,15
DA:51,5
DA:52,5
DA:64,5
DA:65,15
DA:70,15
DA:79,5
DA:80,5
DA:82,5
DA:84,15
DA:89,15
DA:92,5
DA:100,5
DA:102,5
DA:104,5
DA:113,5
DA:119,5
DA:121,15
DA:128,5
DA:129,5
DA:131,5
DA:161,0
DA:177,0
LF:26
LH:24
BRDA:89,0,0,15
BRDA:89,0,1,5
BRDA:105,1,0,5
BRDA:105,1,1,0
BRDA:105,2,0,0
BRDA:105,2,1,5
BRDA:108,3,0,5
BRDA:108,3,1,0
BRDA:108,4,0,0
BRDA:108,4,1,5
BRF:10
BRH:6
end_of_record
TN:
SF:src\screens\create-account\create-account.styles.ts
FNF:0
FNH:0
DA:12,1
LF:1
LH:1
BRF:0
BRH:0
end_of_record
TN:
SF:src\screens\create-account\create-account.tsx
FN:24,CreateAccount
FN:29,(anonymous_1)
FN:37,(anonymous_2)
FN:39,(anonymous_3)
FN:45,(anonymous_4)
FN:50,(anonymous_5)
FN:54,(anonymous_6)
FN:58,(anonymous_7)
FN:79,(anonymous_8)
FN:80,(anonymous_9)
FN:90,(anonymous_10)
FN:91,(anonymous_11)
FN:101,(anonymous_12)
FNF:13
FNH:9
FNDA:10,CreateAccount
FNDA:3,(anonymous_1)
FNDA:0,(anonymous_2)
FNDA:0,(anonymous_3)
FNDA:1,(anonymous_4)
FNDA:9,(anonymous_5)
FNDA:3,(anonymous_6)
FNDA:2,(anonymous_7)
FNDA:0,(anonymous_8)
FNDA:1,(anonymous_9)
FNDA:0,(anonymous_10)
FNDA:1,(anonymous_11)
FNDA:1,(anonymous_12)
DA:25,10
DA:26,10
DA:27,9
DA:29,9
DA:30,3
DA:37,9
DA:39,9
DA:40,0
DA:41,0
DA:45,9
DA:46,1
DA:49,9
DA:50,9
DA:54,9
DA:55,3
DA:58,9
DA:59,2
DA:62,9
DA:79,0
DA:80,1
DA:90,0
DA:91,1
DA:101,1
LF:23
LH:19
BRDA:40,0,0,0
BRDA:40,0,1,0
BRDA:65,1,0,0
BRDA:65,1,1,9
BRDA:107,2,0,9
BRDA:107,2,1,1
BRDA:120,3,0,9
BRDA:120,3,1,1
BRF:8
BRH:5
end_of_record
TN:
SF:src\screens\login\login.styles.ts
FNF:0
FNH:0
DA:11,1
LF:1
LH:1
BRF:0
BRH:0
end_of_record
TN:
SF:src\screens\login\login.tsx
FN:24,Login
FN:28,(anonymous_1)
FN:35,(anonymous_2)
FN:37,(anonymous_3)
FN:43,(anonymous_4)
FN:47,(anonymous_5)
FN:51,(anonymous_6)
FN:72,(anonymous_7)
FN:73,(anonymous_8)
FN:83,(anonymous_9)
FNF:10
FNH:7
FNDA:7,Login
FNDA:2,(anonymous_1)
FNDA:0,(anonymous_2)
FNDA:0,(anonymous_3)
FNDA:1,(anonymous_4)
FNDA:2,(anonymous_5)
FNDA:2,(anonymous_6)
FNDA:1,(anonymous_7)
FNDA:0,(anonymous_8)
FNDA:1,(anonymous_9)
DA:25,7
DA:26,7
DA:28,6
DA:29,2
DA:35,6
DA:37,6
DA:38,0
DA:39,0
DA:43,6
DA:44,1
DA:47,6
DA:48,2
DA:51,6
DA:52,2
DA:55,6
DA:72,1
DA:73,0
DA:83,1
LF:18
LH:15
BRDA:38,0,0,0
BRDA:38,0,1,0
BRDA:58,1,0,0
BRDA:58,1,1,6
BRF:4
BRH:1
end_of_record
TN:
SF:src\screens\map\map.styles.ts
FNF:0
FNH:0
DA:8,1
LF:1
LH:1
BRF:0
BRH:0
end_of_record
TN:
SF:src\screens\map\map.tsx
FN:38,Map
FN:53,(anonymous_1)
FN:62,(anonymous_2)
FN:70,(anonymous_3)
FN:73,(anonymous_4)
FN:77,(anonymous_5)
FN:88,(anonymous_6)
FN:104,(anonymous_7)
FN:106,(anonymous_8)
FN:108,(anonymous_9)
FN:109,(anonymous_10)
FN:112,(anonymous_11)
FN:116,(anonymous_12)
FN:129,(anonymous_13)
FN:132,(anonymous_14)
FN:139,(anonymous_15)
FN:149,(anonymous_16)
FN:151,(anonymous_17)
FNF:18
FNH:2
FNDA:2,Map
FNDA:0,(anonymous_1)
FNDA:0,(anonymous_2)
FNDA:0,(anonymous_3)
FNDA:0,(anonymous_4)
FNDA:0,(anonymous_5)
FNDA:0,(anonymous_6)
FNDA:0,(anonymous_7)
FNDA:2,(anonymous_8)
FNDA:0,(anonymous_9)
FNDA:0,(anonymous_10)
FNDA:0,(anonymous_11)
FNDA:0,(anonymous_12)
FNDA:0,(anonymous_13)
FNDA:0,(anonymous_14)
FNDA:0,(anonymous_15)
FNDA:0,(anonymous_16)
FNDA:0,(anonymous_17)
DA:36,1
DA:39,2
DA:40,2
DA:42,2
DA:44,2
DA:46,2
DA:48,2
DA:49,2
DA:51,2
DA:54,0
DA:55,0
DA:58,0
DA:62,2
DA:63,0
DA:64,0
DA:67,0
DA:70,2
DA:71,0
DA:73,2
DA:74,0
DA:77,2
DA:78,0
DA:79,0
DA:82,0
DA:84,0
DA:88,2
DA:89,0
DA:90,0
DA:91,0
DA:92,0
DA:93,0
DA:104,2
DA:106,2
DA:108,2
DA:109,0
DA:112,2
DA:113,0
DA:114,0
DA:115,0
DA:117,0
DA:118,0
DA:121,0
DA:125,0
DA:126,0
DA:129,2
DA:130,0
DA:131,0
DA:133,0
DA:136,0
DA:139,2
DA:140,0
DA:141,0
DA:145,0
DA:146,0
DA:149,2
DA:150,0
DA:152,0
DA:155,0
DA:156,0
DA:164,0
DA:165,0
DA:166,0
DA:167,0
DA:174,2
LF:64
LH:22
BRDA:54,0,0,0
BRDA:54,0,1,0
BRDA:63,1,0,0
BRDA:63,1,1,0
BRDA:117,2,0,0
BRDA:117,2,1,0
BRDA:133,3,0,0
BRDA:133,3,1,0
BRDA:136,4,0,0
BRDA:136,4,1,0
BRDA:152,5,0,0
BRDA:152,5,1,0
BRDA:155,6,0,0
BRDA:155,6,1,0
BRDA:164,7,0,0
BRDA:164,7,1,0
BRDA:174,8,0,0
BRDA:174,8,1,2
BRDA:174,9,0,2
BRDA:174,9,1,2
BRDA:213,10,0,0
BRDA:213,10,1,2
BRDA:230,11,0,0
BRDA:230,11,1,2
BRDA:239,12,0,0
BRDA:239,12,1,0
BRDA:241,13,0,0
BRDA:241,13,1,0
BRDA:246,14,0,0
BRDA:246,14,1,0
BRDA:246,14,2,0
BRDA:257,15,0,0
BRDA:257,15,1,0
BRDA:257,15,2,0
BRDA:279,16,0,0
BRDA:279,16,1,0
BRDA:285,17,0,0
BRDA:285,17,1,0
BRDA:285,17,2,0
BRDA:291,18,0,0
BRDA:291,18,1,0
BRDA:297,19,0,0
BRDA:297,19,1,0
BRF:43
BRH:5
end_of_record
TN:
SF:src\screens\preview\preview.styles.ts
FNF:0
FNH:0
DA:9,1
LF:1
LH:1
BRF:0
BRH:0
end_of_record
TN:
SF:src\screens\preview\preview.tsx
FN:10,Preview
FN:13,(anonymous_1)
FN:17,(anonymous_2)
FNF:3
FNH:3
FNDA:4,Preview
FNDA:1,(anonymous_1)
FNDA:1,(anonymous_2)
DA:11,4
DA:13,4
DA:14,1
DA:17,4
DA:18,1
DA:21,4
LF:6
LH:6
BRF:0
BRH:0
end_of_record
TN:
SF:src\screens\profile\profile.styles.ts
FNF:0
FNH:0
DA:11,1
LF:1
LH:1
BRF:0
BRH:0
end_of_record
TN:
SF:src\screens\profile\profile.tsx
FN:22,Profile
FN:34,(anonymous_1)
FN:36,(anonymous_2)
FN:40,(anonymous_3)
FN:44,(anonymous_4)
FN:55,(anonymous_5)
FN:73,(anonymous_6)
FN:85,(anonymous_7)
FN:98,(anonymous_8)
FNF:9
FNH:6
FNDA:8,Profile
FNDA:0,(anonymous_1)
FNDA:1,(anonymous_2)
FNDA:3,(anonymous_3)
FNDA:0,(anonymous_4)
FNDA:0,(anonymous_5)
FNDA:1,(anonymous_6)
FNDA:1,(anonymous_7)
FNDA:1,(anonymous_8)
DA:23,8
DA:24,8
DA:34,7
DA:36,7
DA:37,1
DA:40,7
DA:41,3
DA:44,7
DA:45,0
DA:46,0
DA:51,0
DA:55,7
DA:56,0
DA:59,7
DA:73,1
DA:86,1
DA:99,1
LF:17
LH:13
BRDA:45,0,0,0
BRDA:45,0,1,0
BRDA:106,1,0,7
BRDA:106,1,1,1
BRF:4
BRH:2
end_of_record
TN:
SF:src\services\actions\activities.ts
FN:19,getActivities
FN:20,(anonymous_1)
FN:37,createActivity
FN:38,(anonymous_3)
FN:55,deleteActivity
FN:56,(anonymous_5)
FNF:6
FNH:0
FNDA:0,getActivities
FNDA:0,(anonymous_1)
FNDA:0,createActivity
FNDA:0,(anonymous_3)
FNDA:0,deleteActivity
FNDA:0,(anonymous_5)
DA:6,5
DA:7,5
DA:8,5
DA:9,5
DA:11,5
DA:12,5
DA:13,5
DA:15,5
DA:16,5
DA:17,5
DA:20,0
DA:21,0
DA:22,0
DA:23,0
DA:26,0
DA:27,0
DA:29,0
DA:32,0
DA:38,0
DA:39,0
DA:40,0
DA:41,0
DA:42,0
DA:43,0
DA:44,0
DA:45,0
DA:47,0
DA:50,0
DA:56,0
DA:57,0
DA:58,0
DA:59,0
DA:60,0
DA:61,0
DA:63,0
DA:66,0
LF:36
LH:10
BRDA:26,0,0,0
BRDA:26,0,1,0
BRDA:42,1,0,0
BRDA:42,1,1,0
BRDA:60,2,0,0
BRDA:60,2,1,0
BRF:6
BRH:0
end_of_record
TN:
SF:src\services\actions\create-account.ts
FN:10,(anonymous_0)
FN:26,(anonymous_1)
FN:36,(anonymous_2)
FN:37,(anonymous_3)
FN:39,(anonymous_4)
FN:42,(anonymous_5)
FNF:6
FNH:2
FNDA:3,(anonymous_0)
FNDA:0,(anonymous_1)
FNDA:2,(anonymous_2)
FNDA:0,(anonymous_3)
FNDA:0,(anonymous_4)
FNDA:0,(anonymous_5)
DA:4,5
DA:5,5
DA:7,5
DA:8,5
DA:10,5
DA:17,3
DA:26,5
DA:27,0
DA:36,5
DA:37,2
DA:38,0
DA:40,0
DA:43,0
LF:13
LH:9
BRF:0
BRH:0
end_of_record
TN:
SF:src\services\actions\index.ts
FNF:0
FNH:0
LF:0
LH:0
BRF:0
BRH:0
end_of_record
TN:
SF:src\services\actions\login.ts
FN:10,(anonymous_0)
FN:26,(anonymous_1)
FN:36,(anonymous_2)
FN:37,(anonymous_3)
FN:38,(anonymous_4)
FNF:5
FNH:2
FNDA:2,(anonymous_0)
FNDA:0,(anonymous_1)
FNDA:2,(anonymous_2)
FNDA:0,(anonymous_3)
FNDA:0,(anonymous_4)
DA:4,5
DA:6,5
DA:8,5
DA:10,5
DA:17,2
DA:26,5
DA:27,0
DA:36,5
DA:37,2
DA:38,0
DA:39,0
LF:11
LH:8
BRF:0
BRH:0
end_of_record
TN:
SF:src\services\actions\map.ts
FNF:0
FNH:0
DA:1,5
DA:2,5
DA:3,5
DA:4,5
DA:5,5
LF:5
LH:5
BRF:0
BRH:0
end_of_record
TN:
SF:src\services\actions\profile.ts
FN:14,(anonymous_0)
FN:28,getSettings
FN:29,(anonymous_2)
FN:44,updateSettings
FN:45,(anonymous_4)
FNF:5
FNH:1
FNDA:3,(anonymous_0)
FNDA:0,getSettings
FNDA:0,(anonymous_2)
FNDA:0,updateSettings
FNDA:0,(anonymous_4)
DA:5,5
DA:6,5
DA:7,5
DA:8,5
DA:10,5
DA:11,5
DA:12,5
DA:14,5
DA:21,3
DA:29,0
DA:30,0
DA:31,0
DA:32,0
DA:33,0
DA:34,0
DA:36,0
DA:39,0
DA:45,0
DA:46,0
DA:47,0
DA:48,0
DA:49,0
DA:50,0
DA:52,0
DA:55,0
LF:25
LH:9
BRDA:33,0,0,0
BRDA:33,0,1,0
BRDA:49,1,0,0
BRDA:49,1,1,0
BRF:4
BRH:0
end_of_record
TN:
SF:src\utils\activityConverter.ts
FN:4,(anonymous_0)
FN:12,(anonymous_1)
FNF:2
FNH:2
FNDA:6,(anonymous_0)
FNDA:10,(anonymous_1)
DA:3,6
DA:4,6
DA:13,10
DA:14,10
LF:4
LH:4
BRF:0
BRH:0
end_of_record
TN:
SF:src\utils\api.ts
FNF:0
FNH:0
DA:1,7
DA:2,7
DA:3,7
DA:4,7
DA:6,7
DA:8,7
LF:6
LH:6
BRF:0
BRH:0
end_of_record
TN:
SF:src\utils\colors.ts
FNF:0
FNH:0
DA:1,7
DA:2,7
DA:3,7
DA:4,7
DA:5,7
DA:6,7
DA:7,7
DA:8,7
DA:9,7
DA:10,7
DA:11,7
DA:12,7
DA:13,7
DA:14,7
LF:14
LH:14
BRF:0
BRH:0
end_of_record
TN:
SF:src\utils\constants.ts
FN:39,(anonymous_0)
FN:44,(anonymous_1)
FN:49,(anonymous_2)
FNF:3
FNH:0
FNDA:0,(anonymous_0)
FNDA:0,(anonymous_1)
FNDA:0,(anonymous_2)
DA:3,2
DA:11,2
DA:17,2
DA:22,2
DA:24,2
DA:37,2
DA:39,0
DA:42,2
DA:44,0
DA:47,2
DA:49,0
LF:11
LH:8
BRDA:39,0,0,0
BRDA:44,1,0,0
BRDA:49,2,0,0
BRF:3
BRH:0
end_of_record
TN:
SF:src\utils\date.ts
FN:3,getDateWithoutTimeWithShift
FN:7,getFirstAndLastWeekDaysWithoutTime
FN:14,formatTime
FNF:3
FNH:3
FNDA:2,getDateWithoutTimeWithShift
FNDA:5,getFirstAndLastWeekDaysWithoutTime
FNDA:2,formatTime
DA:4,2
DA:8,5
DA:15,2
DA:16,2
DA:17,2
DA:18,2
LF:6
LH:6
BRDA:19,0,0,2
BRDA:19,0,1,0
BRDA:20,1,0,2
BRDA:20,1,1,0
BRF:4
BRH:2
end_of_record
TN:
SF:src\utils\location.ts
FNF:0
FNH:0
DA:3,1
DA:4,1
DA:6,1
DA:16,1
LF:4
LH:4
BRF:0
BRH:0
end_of_record
TN:
SF:src\utils\settingsConverter.ts
FN:4,(anonymous_0)
FN:9,(anonymous_1)
FNF:2
FNH:2
FNDA:1,(anonymous_0)
FNDA:1,(anonymous_1)
DA:3,6
DA:4,1
DA:10,1
DA:11,1
LF:4
LH:4
BRF:0
BRH:0
end_of_record
